<?xml version="1.0" encoding="utf-8" standalone="no"?>
<!--This file represents the results of running a test suite-->
<test-results name="c:\my documents\visual studio 2012\Projects\NUnitDemo\NUnitDemo\bin\Debug\NunitDemo.dll" total="9" errors="0" failures="2" not-run="1" inconclusive="5" ignored="1" skipped="0" invalid="0" date="2013-01-14" time="15:49:34">
  <environment nunit-version="2.6.2.12296" clr-version="2.0.50727.5466" os-version="Microsoft Windows NT 6.1.7601 Service Pack 1" platform="Win32NT" cwd="c:\my documents\visual studio 2012\Projects\NUnitDemo\NUnitDemo\bin\Debug" machine-name="my-machine" user="matnor" user-domain="domain" />
  <culture-info current-culture="sv-SE" current-uiculture="en-US" />
  <test-suite type="Assembly" name="c:\my documents\visual studio 2012\Projects\NUnitDemo\NUnitDemo\bin\Debug\NunitDemo.dll" executed="True" result="Failure" success="False" time="0.403" asserts="0">
    <results>
      <test-suite type="Namespace" name="NUnitDemo" executed="True" result="Failure" success="False" time="0.382" asserts="0">
        <results>
          <test-suite type="Namespace" name="FirstNamespace" executed="True" result="Failure" success="False" time="0.250" asserts="0">
            <results>
              <test-suite type="TestFixture" name="FirstTestClass" executed="True" result="Failure" success="False" time="0.243" asserts="0">
                <results>
                  <test-case name="NUnitDemo.FirstNamespace.FirstTestClass.FailingTest" executed="True" result="Failure" success="False" time="0.040" asserts="0">
                    <failure>
                      <message><![CDATA[]]></message>
                      <stack-trace><![CDATA[at NUnitDemo.FirstNamespace.FirstTestClass.FailingTest() in c:\my documents\Visual Studio 2012\Projects\NUnitDemo\NUnitDemo\FirstNamespace\FirstTestClass.cs:line 21
]]></stack-trace>
                    </failure>
                  </test-case>
                  <test-case name="NUnitDemo.FirstNamespace.FirstTestClass.IgnoredTest" executed="False" result="Ignored">
                    <reason>
                      <message><![CDATA[]]></message>
                    </reason>
                  </test-case>
                  <test-case name="NUnitDemo.FirstNamespace.FirstTestClass.InconclusiveTest" executed="True" result="Inconclusive" success="False" time="0.019" asserts="0">
                    <reason>
                      <message><![CDATA[]]></message>
                    </reason>
                  </test-case>
                  <test-case name="NUnitDemo.FirstNamespace.FirstTestClass.InconsclusiveTest2" executed="True" result="Inconclusive" success="False" time="0.018" asserts="0">
                    <reason>
                      <message><![CDATA[]]></message>
                    </reason>
                  </test-case>
                  <test-case name="NUnitDemo.FirstNamespace.FirstTestClass.PassingTest" executed="True" result="Success" success="True" time="0.020" asserts="0">
                    <reason>
                      <message><![CDATA[]]></message>
                    </reason>
                  </test-case>
                </results>
              </test-suite>
            </results>
          </test-suite>
          <test-suite type="Namespace" name="SecondNamespace" executed="True" result="Failure" success="False" time="0.130" asserts="0">
            <results>
              <test-suite type="TestFixture" name="SecondTestClass" executed="True" result="Failure" success="False" time="0.128" asserts="0">
                <results>
                  <test-case name="NUnitDemo.SecondNamespace.SecondTestClass.FailingTest" executed="True" result="Failure" success="False" time="0.019" asserts="0">
                    <failure>
                      <message><![CDATA[]]></message>
                      <stack-trace><![CDATA[at NUnitDemo.SecondNamespace.SecondTestClass.FailingTest() in c:\my documents\Visual Studio 2012\Projects\NUnitDemo\NUnitDemo\SecondNamespace\SecondTestClass.cs:line 21
]]></stack-trace>
                    </failure>
                  </test-case>
                  <test-case name="NUnitDemo.SecondNamespace.SecondTestClass.InconsclusiveTest" executed="True" result="Inconclusive" success="False" time="0.019" asserts="0">
                    <reason>
                      <message><![CDATA[]]></message>
                    </reason>
                  </test-case>
                  <test-case name="NUnitDemo.SecondNamespace.SecondTestClass.InconsclusiveTest2" executed="True" result="Inconclusive" success="False" time="0.022" asserts="0">
                    <reason>
                      <message><![CDATA[]]></message>
                    </reason>
                  </test-case>
                  <test-case name="NUnitDemo.SecondNamespace.SecondTestClass.InconsclusiveTest3" executed="True" result="Inconclusive" success="False" time="0.021" asserts="0">
                    <reason>
                      <message><![CDATA[]]></message>
                    </reason>
                  </test-case>
                  <test-case name="NUnitDemo.SecondNamespace.SecondTestClass.PassingTest" executed="True" result="Success" success="True" time="0.027" asserts="0">
                    <reason>
                      <message><![CDATA[]]></message>
                    </reason>
                  </test-case>
                </results>
              </test-suite>
            </results>
          </test-suite>
        </results>
      </test-suite>
    </results>
  </test-suite>
</test-results>